<?xml version="1.0" encoding="UTF-8"?>
<!-- Generated by org.testng.reporters.JUnitXMLReporter -->
<testsuite hostname="MYPC" ignored="0" name="testng" tests="3" failures="3" timestamp="17 Aug 2020 22:36:22 GMT" time="50.156" errors="0">
  <testcase name="testTrelloPageLogin" time="6.613" classname="test.LoginToTrelloTest">
    <failure type="java.lang.IllegalArgumentException" message="Keys to send should be a not null CharSequence">
      <![CDATA[java.lang.IllegalArgumentException: Keys to send should be a not null CharSequence
at org.openqa.selenium.remote.RemoteWebElement.sendKeys(RemoteWebElement.java:97)
at pages.TrelloHomePage.enterCurrentPassword(TrelloHomePage.java:79)
at test.LoginToTrelloTest.testTrelloPageLogin(LoginToTrelloTest.java:27)
... Removed 29 stack frames]]>
    </failure>
  </testcase> <!-- testTrelloPageLogin -->
  <testcase name="createNewBoard" time="5.822" classname="test.ActionsOnBoardPageToPrivateTests">
    <failure type="java.lang.IllegalArgumentException" message="Keys to send should be a not null CharSequence">
      <![CDATA[java.lang.IllegalArgumentException: Keys to send should be a not null CharSequence
at org.openqa.selenium.remote.RemoteWebElement.sendKeys(RemoteWebElement.java:97)
at pages.TrelloHomePage.enterCurrentPassword(TrelloHomePage.java:79)
at test.ActionsOnBoardPageToPrivateTests.createNewBoard(ActionsOnBoardPageToPrivateTests.java:45)
... Removed 29 stack frames]]>
    </failure>
  </testcase> <!-- createNewBoard -->
  <testcase name="createNewBoard" time="5.607" classname="test.ActionsOnBoardPageToPublicTests">
    <failure type="java.lang.IllegalArgumentException" message="Keys to send should be a not null CharSequence">
      <![CDATA[java.lang.IllegalArgumentException: Keys to send should be a not null CharSequence
at org.openqa.selenium.remote.RemoteWebElement.sendKeys(RemoteWebElement.java:97)
at pages.TrelloHomePage.enterCurrentPassword(TrelloHomePage.java:79)
at test.ActionsOnBoardPageToPublicTests.createNewBoard(ActionsOnBoardPageToPublicTests.java:41)
... Removed 29 stack frames]]>
    </failure>
  </testcase> <!-- createNewBoard -->
</testsuite> <!-- testng -->
