<?xml version="1.0" encoding="UTF-8"?>
<!-- Generated by org.testng.reporters.JUnitXMLReporter -->
<testsuite hostname="MYPC" ignored="0" name="testng" tests="3" failures="0" timestamp="29 Aug 2020 17:44:23 GMT" time="81.61" errors="0">
  <testcase name="testTrelloPageLogin" time="7.779" classname="test.LoginToTrelloTest"/>
  <testcase name="createNewBoard" time="21.819" classname="test.ActionsOnBoardPageToPrivateTests"/>
  <testcase name="createNewBoard" time="26.674" classname="test.ActionsOnBoardPageToPublicTests"/>
</testsuite> <!-- testng -->
