<?xml version="1.0" encoding="UTF-8"?>
<testng-results skipped="0" failed="0" ignored="0" total="3" passed="3">
  <reporter-output>
  </reporter-output>
  <suite name="Suite" duration-ms="101082" started-at="2020-06-21T03:34:55Z" finished-at="2020-06-21T03:36:37Z">
    <groups>
    </groups>
    <test name="testng" duration-ms="101082" started-at="2020-06-21T03:34:55Z" finished-at="2020-06-21T03:36:37Z">
      <class name="test.ActionsOnBoardPageToPrivateTests">
        <test-method status="PASS" signature="openBrowser()[pri:0, instance:test.ActionsOnBoardPageToPrivateTests@327471b5]" name="openBrowser" is-config="true" duration-ms="6607" started-at="2020-06-21T03:35:15Z" finished-at="2020-06-21T03:35:21Z">
          <reporter-output>
          </reporter-output>
        </test-method> <!-- openBrowser -->
        <test-method status="PASS" signature="createNewBoard()[pri:0, instance:test.ActionsOnBoardPageToPrivateTests@327471b5]" name="createNewBoard" duration-ms="31165" started-at="2020-06-21T03:35:21Z" description="Actions performed on Trello Board Page" finished-at="2020-06-21T03:35:53Z">
          <reporter-output>
          </reporter-output>
        </test-method> <!-- createNewBoard -->
        <test-method status="PASS" signature="closeBrowser()[pri:0, instance:test.ActionsOnBoardPageToPrivateTests@327471b5]" name="closeBrowser" is-config="true" duration-ms="728" started-at="2020-06-21T03:35:53Z" finished-at="2020-06-21T03:35:53Z">
          <reporter-output>
          </reporter-output>
        </test-method> <!-- closeBrowser -->
      </class> <!-- test.ActionsOnBoardPageToPrivateTests -->
      <class name="test.ActionsOnBoardPageToPublicTests">
        <test-method status="PASS" signature="openBrowser()[pri:0, instance:test.ActionsOnBoardPageToPublicTests@4157f54e]" name="openBrowser" is-config="true" duration-ms="6470" started-at="2020-06-21T03:35:53Z" finished-at="2020-06-21T03:36:00Z">
          <reporter-output>
          </reporter-output>
        </test-method> <!-- openBrowser -->
        <test-method status="PASS" signature="createNewBoard()[pri:0, instance:test.ActionsOnBoardPageToPublicTests@4157f54e]" name="createNewBoard" duration-ms="36015" started-at="2020-06-21T03:36:00Z" description="Actions performed on Trello Board Page" finished-at="2020-06-21T03:36:36Z">
          <reporter-output>
          </reporter-output>
        </test-method> <!-- createNewBoard -->
        <test-method status="PASS" signature="closeBrowser()[pri:0, instance:test.ActionsOnBoardPageToPublicTests@4157f54e]" name="closeBrowser" is-config="true" duration-ms="748" started-at="2020-06-21T03:36:36Z" finished-at="2020-06-21T03:36:37Z">
          <reporter-output>
          </reporter-output>
        </test-method> <!-- closeBrowser -->
      </class> <!-- test.ActionsOnBoardPageToPublicTests -->
      <class name="test.LoginToTrelloTest">
        <test-method status="PASS" signature="openBrowser()[pri:0, instance:test.LoginToTrelloTest@3567135c]" name="openBrowser" is-config="true" duration-ms="7982" started-at="2020-06-21T03:34:56Z" finished-at="2020-06-21T03:35:04Z">
          <reporter-output>
          </reporter-output>
        </test-method> <!-- openBrowser -->
        <test-method status="PASS" signature="testTrelloPageLogin()[pri:0, instance:test.LoginToTrelloTest@3567135c]" name="testTrelloPageLogin" duration-ms="10138" started-at="2020-06-21T03:35:04Z" description="Login to Trello" finished-at="2020-06-21T03:35:14Z">
          <reporter-output>
          </reporter-output>
        </test-method> <!-- testTrelloPageLogin -->
        <test-method status="PASS" signature="closeBrowser()[pri:0, instance:test.LoginToTrelloTest@3567135c]" name="closeBrowser" is-config="true" duration-ms="1181" started-at="2020-06-21T03:35:14Z" finished-at="2020-06-21T03:35:15Z">
          <reporter-output>
          </reporter-output>
        </test-method> <!-- closeBrowser -->
      </class> <!-- test.LoginToTrelloTest -->
    </test> <!-- testng -->
  </suite> <!-- Suite -->
</testng-results>
