<?xml version="1.0" encoding="UTF-8"?>
<testng-results skipped="0" failed="0" ignored="0" total="3" passed="3">
  <reporter-output>
  </reporter-output>
  <suite name="Suite" duration-ms="87964" started-at="2020-03-26T22:16:11Z" finished-at="2020-03-26T22:17:39Z">
    <groups>
    </groups>
    <test name="testng" duration-ms="87964" started-at="2020-03-26T22:16:11Z" finished-at="2020-03-26T22:17:39Z">
      <class name="test.ActionsOnBoardPageToPrivateTests">
        <test-method status="PASS" signature="openBrowser()[pri:0, instance:test.ActionsOnBoardPageToPrivateTests@327471b5]" name="openBrowser" is-config="true" duration-ms="7314" started-at="2020-03-26T22:16:29Z" finished-at="2020-03-26T22:16:36Z">
          <reporter-output>
          </reporter-output>
        </test-method> <!-- openBrowser -->
        <test-method status="PASS" signature="createNewBoard()[pri:0, instance:test.ActionsOnBoardPageToPrivateTests@327471b5]" name="createNewBoard" duration-ms="24488" started-at="2020-03-26T22:16:36Z" description="Actions performed on Trello Board Page" finished-at="2020-03-26T22:17:01Z">
          <reporter-output>
          </reporter-output>
        </test-method> <!-- createNewBoard -->
        <test-method status="PASS" signature="closeBrowser()[pri:0, instance:test.ActionsOnBoardPageToPrivateTests@327471b5]" name="closeBrowser" is-config="true" duration-ms="708" started-at="2020-03-26T22:17:01Z" finished-at="2020-03-26T22:17:02Z">
          <reporter-output>
          </reporter-output>
        </test-method> <!-- closeBrowser -->
      </class> <!-- test.ActionsOnBoardPageToPrivateTests -->
      <class name="test.ActionsOnBoardPageToPublicTests">
        <test-method status="PASS" signature="openBrowser()[pri:0, instance:test.ActionsOnBoardPageToPublicTests@4157f54e]" name="openBrowser" is-config="true" duration-ms="8360" started-at="2020-03-26T22:17:02Z" finished-at="2020-03-26T22:17:10Z">
          <reporter-output>
          </reporter-output>
        </test-method> <!-- openBrowser -->
        <test-method status="PASS" signature="createNewBoard()[pri:0, instance:test.ActionsOnBoardPageToPublicTests@4157f54e]" name="createNewBoard" duration-ms="28335" started-at="2020-03-26T22:17:10Z" description="Actions performed on Trello Board Page" finished-at="2020-03-26T22:17:38Z">
          <reporter-output>
          </reporter-output>
        </test-method> <!-- createNewBoard -->
        <test-method status="PASS" signature="closeBrowser()[pri:0, instance:test.ActionsOnBoardPageToPublicTests@4157f54e]" name="closeBrowser" is-config="true" duration-ms="713" started-at="2020-03-26T22:17:38Z" finished-at="2020-03-26T22:17:39Z">
          <reporter-output>
          </reporter-output>
        </test-method> <!-- closeBrowser -->
      </class> <!-- test.ActionsOnBoardPageToPublicTests -->
      <class name="test.LoginToTrelloTest">
        <test-method status="PASS" signature="openBrowser()[pri:0, instance:test.LoginToTrelloTest@3567135c]" name="openBrowser" is-config="true" duration-ms="8197" started-at="2020-03-26T22:16:11Z" finished-at="2020-03-26T22:16:19Z">
          <reporter-output>
          </reporter-output>
        </test-method> <!-- openBrowser -->
        <test-method status="PASS" signature="testTrelloPageLogin()[pri:0, instance:test.LoginToTrelloTest@3567135c]" name="testTrelloPageLogin" duration-ms="8687" started-at="2020-03-26T22:16:19Z" description="Login to Trello" finished-at="2020-03-26T22:16:28Z">
          <reporter-output>
          </reporter-output>
        </test-method> <!-- testTrelloPageLogin -->
        <test-method status="PASS" signature="closeBrowser()[pri:0, instance:test.LoginToTrelloTest@3567135c]" name="closeBrowser" is-config="true" duration-ms="1145" started-at="2020-03-26T22:16:28Z" finished-at="2020-03-26T22:16:29Z">
          <reporter-output>
          </reporter-output>
        </test-method> <!-- closeBrowser -->
      </class> <!-- test.LoginToTrelloTest -->
    </test> <!-- testng -->
  </suite> <!-- Suite -->
</testng-results>
