<?xml version="1.0" encoding="UTF-8"?>
<testng-results skipped="0" failed="0" ignored="0" total="1" passed="1">
  <reporter-output>
  </reporter-output>
  <suite name="Failed suite [Default suite]" duration-ms="23527" started-at="2020-08-17T19:31:53Z" finished-at="2020-08-17T19:32:17Z">
    <groups>
    </groups>
    <test name="Default test(failed)" duration-ms="23527" started-at="2020-08-17T19:31:53Z" finished-at="2020-08-17T19:32:17Z">
      <class name="test.LoginToTrelloTest">
        <test-method status="PASS" signature="openBrowser()[pri:0, instance:test.LoginToTrelloTest@754ba872]" name="openBrowser" is-config="true" duration-ms="13981" started-at="2020-08-17T19:31:53Z" finished-at="2020-08-17T19:32:07Z">
          <reporter-output>
          </reporter-output>
        </test-method> <!-- openBrowser -->
        <test-method status="PASS" signature="testTrelloPageLogin()[pri:0, instance:test.LoginToTrelloTest@754ba872]" name="testTrelloPageLogin" duration-ms="8326" started-at="2020-08-17T19:32:07Z" description="Login to Trello" finished-at="2020-08-17T19:32:16Z">
          <reporter-output>
          </reporter-output>
        </test-method> <!-- testTrelloPageLogin -->
        <test-method status="PASS" signature="closeBrowser()[pri:0, instance:test.LoginToTrelloTest@754ba872]" name="closeBrowser" is-config="true" duration-ms="1189" started-at="2020-08-17T19:32:16Z" finished-at="2020-08-17T19:32:17Z">
          <reporter-output>
          </reporter-output>
        </test-method> <!-- closeBrowser -->
      </class> <!-- test.LoginToTrelloTest -->
    </test> <!-- Default test(failed) -->
  </suite> <!-- Failed suite [Default suite] -->
</testng-results>
